\BOOKMARK [0][-]{section*.2}{Nomenclature}{}% 1
\BOOKMARK [0][-]{chapter.1}{1 Introduction}{}% 2
\BOOKMARK [0][-]{chapter.2}{2 User Manual}{}% 3
\BOOKMARK [1][-]{section.2.1}{2.1 Hardware overview}{chapter.2}% 4
\BOOKMARK [1][-]{section.2.2}{2.2 Software overview}{chapter.2}% 5
\BOOKMARK [1][-]{section.2.3}{2.3 Batteries and power supply}{chapter.2}% 6
\BOOKMARK [1][-]{section.2.4}{2.4 Emergency stop}{chapter.2}% 7
\BOOKMARK [2][-]{subsection.2.4.1}{2.4.1 Emergency stop buttons}{section.2.4}% 8
\BOOKMARK [2][-]{subsection.2.4.2}{2.4.2 Safety field from the Sick S300 scanners}{section.2.4}% 9
\BOOKMARK [2][-]{subsection.2.4.3}{2.4.3 Remote emergency stop control}{section.2.4}% 10
\BOOKMARK [1][-]{section.2.5}{2.5 Running the robot}{chapter.2}% 11
\BOOKMARK [2][-]{subsection.2.5.1}{2.5.1 Logging in to the robot pcs}{section.2.5}% 12
\BOOKMARK [2][-]{subsection.2.5.2}{2.5.2 Bringup the robot}{section.2.5}% 13
\BOOKMARK [2][-]{subsection.2.5.3}{2.5.3 Using dashboard and command\137gui}{section.2.5}% 14
\BOOKMARK [2][-]{subsection.2.5.4}{2.5.4 Rviz}{section.2.5}% 15
\BOOKMARK [2][-]{subsection.2.5.5}{2.5.5 Joystick}{section.2.5}% 16
\BOOKMARK [1][-]{section.2.6}{2.6 Power down the robot}{chapter.2}% 17
\BOOKMARK [1][-]{section.2.7}{2.7 Packing the robot}{chapter.2}% 18
\BOOKMARK [0][-]{chapter.3}{3 Administrator manual}{}% 19
\BOOKMARK [1][-]{section.3.1}{3.1 Setup robot pcs}{chapter.3}% 20
\BOOKMARK [2][-]{subsection.3.1.1}{3.1.1 Install operating system}{section.3.1}% 21
\BOOKMARK [2][-]{subsection.3.1.2}{3.1.2 Install basic tools}{section.3.1}% 22
\BOOKMARK [2][-]{subsection.3.1.3}{3.1.3 Setup ssh server}{section.3.1}% 23
\BOOKMARK [2][-]{subsection.3.1.4}{3.1.4 Setup robot account for administration tasks}{section.3.1}% 24
\BOOKMARK [2][-]{subsection.3.1.5}{3.1.5 Setup root account for administration tasks}{section.3.1}% 25
\BOOKMARK [2][-]{subsection.3.1.6}{3.1.6 Setup internal robot network}{section.3.1}% 26
\BOOKMARK [2][-]{subsection.3.1.7}{3.1.7 Install NFS}{section.3.1}% 27
\BOOKMARK [2][-]{subsection.3.1.8}{3.1.8 Enable passwordless login}{section.3.1}% 28
\BOOKMARK [2][-]{subsection.3.1.9}{3.1.9 Setup NTP time synchronitation}{section.3.1}% 29
\BOOKMARK [2][-]{subsection.3.1.10}{3.1.10 Install ROS and driver software \(electric distro\)}{section.3.1}% 30
\BOOKMARK [2][-]{subsection.3.1.11}{3.1.11 Install ROS and driver software \(Groovy distro\)}{section.3.1}% 31
\BOOKMARK [2][-]{subsection.3.1.12}{3.1.12 Setup hardware components}{section.3.1}% 32
\BOOKMARK [2][-]{subsection.3.1.13}{3.1.13 Create new user accounts}{section.3.1}% 33
\BOOKMARK [1][-]{section.3.2}{3.2 Network infrastructure for external access to the robot}{chapter.3}% 34
\BOOKMARK [2][-]{subsection.3.2.1}{3.2.1 Setting up your building network \(recommended\)}{section.3.2}% 35
\BOOKMARK [2][-]{subsection.3.2.2}{3.2.2 Manual setup for each remote pc}{section.3.2}% 36
\BOOKMARK [1][-]{section.3.3}{3.3 Calibration}{chapter.3}% 37
\BOOKMARK [2][-]{subsection.3.3.1}{3.3.1 Manual calibration}{section.3.3}% 38
\BOOKMARK [2][-]{subsection.3.3.2}{3.3.2 Automatic calibration}{section.3.3}% 39
\BOOKMARK [1][-]{section.3.4}{3.4 Backup and Restore}{chapter.3}% 40
\BOOKMARK [2][-]{subsection.3.4.1}{3.4.1 Backup the entire system}{section.3.4}% 41
\BOOKMARK [2][-]{subsection.3.4.2}{3.4.2 Restore the entire system}{section.3.4}% 42
\BOOKMARK [0][-]{chapter.4}{4 Support}{}% 43
\BOOKMARK [1][-]{section.4.1}{4.1 General support}{chapter.4}% 44
\BOOKMARK [1][-]{section.4.2}{4.2 Report a bug}{chapter.4}% 45
\BOOKMARK [1][-]{section.4.3}{4.3 Useful tools for debugging and working with the robot}{chapter.4}% 46
\BOOKMARK [2][-]{subsection.4.3.1}{4.3.1 Modifying and developing code}{section.4.3}% 47
\BOOKMARK [2][-]{subsection.4.3.2}{4.3.2 Working with git}{section.4.3}% 48
\BOOKMARK [1][-]{section.4.4}{4.4 FAQ}{chapter.4}% 49
\BOOKMARK [2][-]{subsection.4.4.1}{4.4.1 Working with the robot}{section.4.4}% 50
\BOOKMARK [2][-]{subsection.4.4.2}{4.4.2 Developing on the robot}{section.4.4}% 51
