\BOOKMARK [0][-]{chapter.1}{Administrator manual}{}
\BOOKMARK [1][-]{section.1.1}{Setup robot pcs}{chapter.1}
\BOOKMARK [2][-]{subsection.1.1.1}{install operating system}{section.1.1}
\BOOKMARK [2][-]{subsection.1.1.2}{Install basic tools}{section.1.1}
\BOOKMARK [2][-]{subsection.1.1.3}{Install nfs}{section.1.1}
\BOOKMARK [2][-]{subsection.1.1.4}{Install Ros and Care-O-bot driver Software}{section.1.1}
\BOOKMARK [2][-]{subsection.1.1.5}{}{section.1.1}
\BOOKMARK [1][-]{section.1.2}{PC's Overview}{chapter.1}
\BOOKMARK [1][-]{section.1.3}{Network}{chapter.1}
\BOOKMARK [2][-]{subsection.1.3.1}{Using a route}{section.1.3}
\BOOKMARK [2][-]{subsection.1.3.2}{Setup name resolution}{section.1.3}
\BOOKMARK [1][-]{section.1.4}{Getting an account}{chapter.1}
\BOOKMARK [1][-]{section.1.5}{Calibration}{chapter.1}
\BOOKMARK [1][-]{section.1.6}{Backup and restoring users}{chapter.1}
\BOOKMARK [1][-]{section.1.7}{todo}{chapter.1}
\BOOKMARK [0][-]{chapter.2}{User Manual}{}
\BOOKMARK [1][-]{section.2.1}{Hardware overview}{chapter.2}
\BOOKMARK [1][-]{section.2.2}{Software overview}{chapter.2}
\BOOKMARK [1][-]{section.2.3}{Batteries and Power}{chapter.2}
\BOOKMARK [1][-]{section.2.4}{Run the robot}{chapter.2}
\BOOKMARK [1][-]{section.2.5}{Logging In}{chapter.2}
\BOOKMARK [1][-]{section.2.6}{Bringup}{chapter.2}
\BOOKMARK [1][-]{section.2.7}{Dashboard}{chapter.2}
\BOOKMARK [2][-]{subsection.2.7.1}{cob\137dashboard}{section.2.7}
\BOOKMARK [2][-]{subsection.2.7.2}{Diagnostics}{section.2.7}
\BOOKMARK [2][-]{subsection.2.7.3}{cob\137command\137gui}{section.2.7}
\BOOKMARK [1][-]{section.2.8}{Rviz}{chapter.2}
\BOOKMARK [1][-]{section.2.9}{Joystick}{chapter.2}
\BOOKMARK [1][-]{section.2.10}{Emergency stop}{chapter.2}
\BOOKMARK [2][-]{subsection.2.10.1}{Emergency stop remote control}{section.2.10}
\BOOKMARK [1][-]{section.2.11}{Putting away}{chapter.2}
\BOOKMARK [1][-]{section.2.12}{Support}{chapter.2}
\BOOKMARK [1][-]{section.2.13}{Packing-Shipping}{chapter.2}
