This is pdfTeX, Version 3.1415926-2.4-1.40.13 (MiKTeX 2.9 64-bit) (preloaded format=pdflatex 2013.6.4)  6 JUN 2013 14:51
entering extended mode
**Care-O-bot_manual.tex
(C:\Users\tif\Documents\GitHub\setup\manual\Care-O-bot_manual.tex
LaTeX2e <2011/06/27>
Babel <v3.8m> and hyphenation patterns for english, afrikaans, ancientgreek, arabic, armenian, assamese, basque, bengali
, bokmal, bulgarian, catalan, coptic, croatian, czech, danish, dutch, esperanto, estonian, farsi, finnish, french, galic
ian, german, german-x-2012-05-30, greek, gujarati, hindi, hungarian, icelandic, indonesian, interlingua, irish, italian,
 kannada, kurmanji, latin, latvian, lithuanian, malayalam, marathi, mongolian, mongolianlmc, monogreek, ngerman, ngerman
-x-2012-05-30, nynorsk, oriya, panjabi, pinyin, polish, portuguese, romanian, russian, sanskrit, serbian, slovak, sloven
ian, spanish, swedish, swissgerman, tamil, telugu, turkish, turkmen, ukenglish, ukrainian, uppersorbian, usenglishmax, w
elsh, loaded.
("C:\Program Files\MiKTeX 2.9\tex\latex\base\report.cls"
Document Class: report 2007/10/19 v1.4h Standard LaTeX document class
("C:\Program Files\MiKTeX 2.9\tex\latex\base\size12.clo"
File: size12.clo 2007/10/19 v1.4h Standard LaTeX file (size option)
)
\c@part=\count79
\c@chapter=\count80
\c@section=\count81
\c@subsection=\count82
\c@subsubsection=\count83
\c@paragraph=\count84
\c@subparagraph=\count85
\c@figure=\count86
\c@table=\count87
\abovecaptionskip=\skip41
\belowcaptionskip=\skip42
\bibindent=\dimen102
)
(C:\Users\tif\AppData\Roaming\MiKTeX\2.9\tex\latex\ntgclass\a4.sty
Package: a4 2004/04/15 v1.2g A4 based page layout
)
("C:\Program Files\MiKTeX 2.9\tex\latex\graphics\graphicx.sty"
Package: graphicx 1999/02/16 v1.0f Enhanced LaTeX Graphics (DPC,SPQR)

("C:\Program Files\MiKTeX 2.9\tex\latex\graphics\keyval.sty"
Package: keyval 1999/03/16 v1.13 key=value parser (DPC)
\KV@toks@=\toks14
)
("C:\Program Files\MiKTeX 2.9\tex\latex\graphics\graphics.sty"
Package: graphics 2009/02/05 v1.0o Standard LaTeX Graphics (DPC,SPQR)
 ("C:\Program Files\MiKTeX 2.9\tex\latex\graphics\trig.sty"
Package: trig 1999/03/16 v1.09 sin cos tan (DPC)
) ("C:\Program Files\MiKTeX 2.9\tex\latex\00miktex\graphics.cfg"
File: graphics.cfg 2007/01/18 v1.5 graphics configuration of teTeX/TeXLive
)
Package graphics Info: Driver file: pdftex.def on input line 91.

("C:\Program Files\MiKTeX 2.9\tex\latex\pdftex-def\pdftex.def"
File: pdftex.def 2011/05/27 v0.06d Graphics/color for pdfTeX

("C:\Program Files\MiKTeX 2.9\tex\generic\oberdiek\infwarerr.sty"
Package: infwarerr 2010/04/08 v1.3 Providing info/warning/error messages (HO)
)
("C:\Program Files\MiKTeX 2.9\tex\generic\oberdiek\ltxcmds.sty"
Package: ltxcmds 2011/11/09 v1.22 LaTeX kernel commands for general use (HO)
)
\Gread@gobject=\count88
))
\Gin@req@height=\dimen103
\Gin@req@width=\dimen104
)
(C:\Users\tif\AppData\Roaming\MiKTeX\2.9\tex\latex\subfigure\subfigure.sty
Package: subfigure 2002/07/30 v2.1.4 subfigure package
\subfigtopskip=\skip43
\subfigcapskip=\skip44
\subfigcaptopadj=\dimen105
\subfigbottomskip=\skip45
\subfigcapmargin=\dimen106
\subfiglabelskip=\skip46
\c@subfigure=\count89
\c@lofdepth=\count90
\c@subtable=\count91
\c@lotdepth=\count92

****************************************
* Local config file subfigure.cfg used *
****************************************
(C:\Users\tif\AppData\Roaming\MiKTeX\2.9\tex\latex\subfigure\subfigure.cfg)
\subfig@top=\skip47
\subfig@bottom=\skip48
)
("C:\Program Files\MiKTeX 2.9\tex\latex\tools\thb.sty" ("C:\Program Files\MiKTeX 2.9\tex\latex\tools\theorem.sty"

LaTeX Warning: You have requested package `thb',
               but the package provides `theorem'.

Package: theorem 1995/11/23 v2.2c Theorem extension package (FMi)
\theorem@style=\toks15
\theorem@bodyfont=\toks16
\theorempreskipamount=\skip49
\theorempostskipamount=\skip50
("C:\Program Files\MiKTeX 2.9\tex\latex\tools\thp.sty"
File: thp.sty 1995/11/23 v2.2c Theorem extension package (FMi)
))
File: thb.sty 1995/11/23 v2.2c Theorem extension package (FMi)
) ("C:\Program Files\MiKTeX 2.9\tex\latex\amsfonts\amssymb.sty"
Package: amssymb 2013/01/14 v3.01 AMS font symbols

("C:\Program Files\MiKTeX 2.9\tex\latex\amsfonts\amsfonts.sty"
Package: amsfonts 2013/01/14 v3.01 Basic AMSFonts support
\@emptytoks=\toks17
\symAMSa=\mathgroup4
\symAMSb=\mathgroup5
LaTeX Font Info:    Overwriting math alphabet `\mathfrak' in version `bold'
(Font)                  U/euf/m/n --> U/euf/b/n on input line 106.
))
(C:\Users\tif\AppData\Roaming\MiKTeX\2.9\tex\latex\listings\listings.sty
\lst@mode=\count93
\lst@gtempboxa=\box26
\lst@token=\toks18
\lst@length=\count94
\lst@currlwidth=\dimen107
\lst@column=\count95
\lst@pos=\count96
\lst@lostspace=\dimen108
\lst@width=\dimen109
\lst@newlines=\count97
\lst@lineno=\count98
\lst@maxwidth=\dimen110

(C:\Users\tif\AppData\Roaming\MiKTeX\2.9\tex\latex\listings\lstmisc.sty
File: lstmisc.sty 2007/02/22 1.4 (Carsten Heinz)
\c@lstnumber=\count99
\lst@skipnumbers=\count100
\lst@framebox=\box27
)
(C:\Users\tif\AppData\Roaming\MiKTeX\2.9\tex\latex\listings\listings.cfg
File: listings.cfg 2007/02/22 1.4 listings configuration
))
Package: listings 2007/02/22 1.4 (Carsten Heinz)

(C:\Users\tif\AppData\Roaming\MiKTeX\2.9\tex\latex\datetime\datetime.sty
Package: datetime 2010/09/21 v2.58 Date Time Package

(C:\Users\tif\AppData\Roaming\MiKTeX\2.9\tex\latex\fmtcount\fmtcount.sty
Package: fmtcount 2012/10/24 v2.02

("C:\Program Files\MiKTeX 2.9\tex\latex\base\ifthen.sty"
Package: ifthen 2001/05/26 v1.1c Standard LaTeX ifthen package (DPC)
)
(C:\Users\tif\AppData\Roaming\MiKTeX\2.9\tex\latex\etoolbox\etoolbox.sty
Package: etoolbox 2011/01/03 v2.1 e-TeX tools for LaTeX

("C:\Program Files\MiKTeX 2.9\tex\latex\misc\etex.sty"
Package: etex 1998/03/26 v2.0 eTeX basic definition package (PEB)
\et@xins=\count101
)
\etb@tempcnta=\count102
)
(C:\Users\tif\AppData\Roaming\MiKTeX\2.9\tex\latex\fmtcount\fcprefix.sty
Package: fcprefix 2012/09/28

(C:\Users\tif\AppData\Roaming\MiKTeX\2.9\tex\latex\fmtcount\fcnumparser.sty
Package: fcnumparser 2012/09/28
\fc@digit@counter=\count103
))
("C:\Program Files\MiKTeX 2.9\tex\latex\amsmath\amsgen.sty"
File: amsgen.sty 1999/11/30 v2.0
\@emptytoks=\toks19
\ex@=\dimen111
)
\c@padzeroesN=\count104
\fc@tmpcatcode=\count105
\@DT@modctr=\count106
\@ordinalctr=\count107
\@orgargctr=\count108
\@strctr=\count109
\@tmpstrctr=\count110
\@DT@loopN=\count111
\@DT@X=\count112

(C:\Users\tif\AppData\Roaming\MiKTeX\2.9\tex\latex\fmtcount\fc-english.def
File: fc-english.def 2012/06/18
))
\@day=\count113
\@month=\count114
\@year=\count115
\c@HOUR=\count116
\c@HOURXII=\count117
\c@MINUTE=\count118
\c@TOHOUR=\count119
\c@TOMINUTE=\count120
\c@SECOND=\count121
\currenthour=\count122
\currentminute=\count123
\currentsecond=\count124
Package datetime Info: No datetime.cfg file found, using default settings on input line 292.
\@dtctr=\count125
\dayofyear=\count126
\dayofweek=\count127
LaTeX Info: Redefining \today on input line 724.
\dt@a=\toks20
\dt@b=\toks21
)
("C:\Program Files\MiKTeX 2.9\tex\latex\graphics\color.sty"
Package: color 2005/11/14 v1.0j Standard LaTeX Color (DPC)
 ("C:\Program Files\MiKTeX 2.9\tex\latex\00miktex\color.cfg"
File: color.cfg 2007/01/18 v1.5 color configuration of teTeX/TeXLive
)
Package color Info: Driver file: pdftex.def on input line 130.
) (C:\Users\tif\AppData\Roaming\MiKTeX\2.9\tex\latex\nomencl\nomencl.sty
Package: nomencl 2005/09/22 v4.2 Nomenclature package (LN)
\nomlabelwidth=\dimen112
\nom@tempdim=\dimen113
\nomitemsep=\skip51
)
("C:\Program Files\MiKTeX 2.9\tex\latex\hyperref\hyperref.sty"
Package: hyperref 2012/11/06 v6.83m Hypertext links for LaTeX

("C:\Program Files\MiKTeX 2.9\tex\generic\oberdiek\hobsub-hyperref.sty"
Package: hobsub-hyperref 2012/04/25 v1.12 Bundle oberdiek, subset hyperref (HO)

("C:\Program Files\MiKTeX 2.9\tex\generic\oberdiek\hobsub-generic.sty"
Package: hobsub-generic 2012/04/25 v1.12 Bundle oberdiek, subset generic (HO)
Package: hobsub 2012/04/25 v1.12 Construct package bundles (HO)
Package hobsub Info: Skipping package `infwarerr' (already loaded).
Package hobsub Info: Skipping package `ltxcmds' (already loaded).
Package: ifluatex 2010/03/01 v1.3 Provides the ifluatex switch (HO)
Package ifluatex Info: LuaTeX not detected.
Package: ifvtex 2010/03/01 v1.5 Detect VTeX and its facilities (HO)
Package ifvtex Info: VTeX not detected.
Package: intcalc 2007/09/27 v1.1 Expandable calculations with integers (HO)
Package: ifpdf 2011/01/30 v2.3 Provides the ifpdf switch (HO)
Package ifpdf Info: pdfTeX in PDF mode is detected.
Package: etexcmds 2011/02/16 v1.5 Avoid name clashes with e-TeX commands (HO)
Package etexcmds Info: Could not find \expanded.
(etexcmds)             That can mean that you are not using pdfTeX 1.50 or
(etexcmds)             that some package has redefined \expanded.
(etexcmds)             In the latter case, load this package earlier.
Package: kvsetkeys 2012/04/25 v1.16 Key value parser (HO)
Package: kvdefinekeys 2011/04/07 v1.3 Define keys (HO)
Package: pdftexcmds 2011/11/29 v0.20 Utility functions of pdfTeX for LuaTeX (HO)
Package pdftexcmds Info: LuaTeX not detected.
Package pdftexcmds Info: \pdf@primitive is available.
Package pdftexcmds Info: \pdf@ifprimitive is available.
Package pdftexcmds Info: \pdfdraftmode found.
Package: pdfescape 2011/11/25 v1.13 Implements pdfTeX's escape features (HO)
Package: bigintcalc 2012/04/08 v1.3 Expandable calculations on big integers (HO)
Package: bitset 2011/01/30 v1.1 Handle bit-vector datatype (HO)
Package: uniquecounter 2011/01/30 v1.2 Provide unlimited unique counter (HO)
)
Package hobsub Info: Skipping package `hobsub' (already loaded).
Package: letltxmacro 2010/09/02 v1.4 Let assignment for LaTeX macros (HO)
Package: hopatch 2011/06/24 v1.1 Wrapper for package hooks (HO)
Package: xcolor-patch 2011/01/30 xcolor patch
Package: atveryend 2011/06/30 v1.8 Hooks at the very end of document (HO)
Package: atbegshi 2011/10/05 v1.16 At begin shipout hook (HO)
Package: refcount 2011/10/16 v3.4 Data extraction from label references (HO)
Package: hycolor 2011/01/30 v1.7 Color options for hyperref/bookmark (HO)
)
("C:\Program Files\MiKTeX 2.9\tex\generic\ifxetex\ifxetex.sty"
Package: ifxetex 2010/09/12 v0.6 Provides ifxetex conditional
)
("C:\Program Files\MiKTeX 2.9\tex\latex\oberdiek\auxhook.sty"
Package: auxhook 2011/03/04 v1.3 Hooks for auxiliary files (HO)
)
("C:\Program Files\MiKTeX 2.9\tex\latex\oberdiek\kvoptions.sty"
Package: kvoptions 2011/06/30 v3.11 Key value format for package options (HO)
)
\@linkdim=\dimen114
\Hy@linkcounter=\count128
\Hy@pagecounter=\count129

("C:\Program Files\MiKTeX 2.9\tex\latex\hyperref\pd1enc.def"
File: pd1enc.def 2012/11/06 v6.83m Hyperref: PDFDocEncoding definition (HO)
)
\Hy@SavedSpaceFactor=\count130

("C:\Program Files\MiKTeX 2.9\tex\latex\00miktex\hyperref.cfg"
File: hyperref.cfg 2002/06/06 v1.2 hyperref configuration of TeXLive
)
Package hyperref Info: Option `bookmarksnumbered' set `true' on input line 4319.
Package hyperref Info: Option `breaklinks' set `true' on input line 4319.
Package hyperref Info: Hyper figures OFF on input line 4443.
Package hyperref Info: Link nesting OFF on input line 4448.
Package hyperref Info: Hyper index ON on input line 4451.
Package hyperref Info: Plain pages OFF on input line 4458.
Package hyperref Info: Backreferencing ON on input line 4461.
Package hyperref Info: Implicit mode ON; LaTeX internals redefined.
Package hyperref Info: Bookmarks ON on input line 4688.

("C:\Program Files\MiKTeX 2.9\tex\latex\hyperref\backref.sty"
Package: backref 2012/07/25 v1.38 Bibliographical back referencing

("C:\Program Files\MiKTeX 2.9\tex\latex\oberdiek\rerunfilecheck.sty"
Package: rerunfilecheck 2011/04/15 v1.7 Rerun checks for auxiliary files (HO)
Package uniquecounter Info: New unique counter `rerunfilecheck' on input line 282.
))
\c@Hy@tempcnt=\count131

("C:\Program Files\MiKTeX 2.9\tex\latex\ltxmisc\url.sty"
\Urlmuskip=\muskip10
Package: url 2006/04/12  ver 3.3  Verb mode for urls, etc.
)
LaTeX Info: Redefining \url on input line 5041.
\XeTeXLinkMargin=\dimen115
\Fld@menulength=\count132
\Field@Width=\dimen116
\Fld@charsize=\dimen117
Package hyperref Info: Hyper figures OFF on input line 6295.
Package hyperref Info: Link nesting OFF on input line 6300.
Package hyperref Info: Hyper index ON on input line 6303.
Package hyperref Info: backreferencing ON on input line 6308.
Package hyperref Info: Link coloring OFF on input line 6315.
Package hyperref Info: Link coloring with OCG OFF on input line 6320.
Package hyperref Info: PDF/A mode OFF on input line 6325.
LaTeX Info: Redefining \ref on input line 6365.
LaTeX Info: Redefining \pageref on input line 6369.
\Hy@abspage=\count133
\c@Item=\count134
\c@Hfootnote=\count135
)

Package hyperref Message: Driver (autodetected): hpdftex.

("C:\Program Files\MiKTeX 2.9\tex\latex\hyperref\hpdftex.def"
File: hpdftex.def 2012/11/06 v6.83m Hyperref driver for pdfTeX
\Fld@listcount=\count136
\c@bookmark@seq@number=\count137
\Hy@SectionHShift=\skip52
)
\@nomenclaturefile=\write3

Writing nomenclature file Care-O-bot_manual.nlo
(C:\Users\tif\Documents\GitHub\setup\manual\Care-O-bot_manual.aux (C:\Users\tif\Documents\GitHub\setup\manual\Title.aux)
(C:\Users\tif\Documents\GitHub\setup\manual\nomenclature.aux)
(C:\Users\tif\Documents\GitHub\setup\manual\Introduction.aux)
(C:\Users\tif\Documents\GitHub\setup\manual\User_manual.aux)
(C:\Users\tif\Documents\GitHub\setup\manual\Administrator_manual.aux)
(C:\Users\tif\Documents\GitHub\setup\manual\Support.aux))
LaTeX Font Info:    Checking defaults for OML/cmm/m/it on input line 103.
LaTeX Font Info:    ... okay on input line 103.
LaTeX Font Info:    Checking defaults for T1/cmr/m/n on input line 103.
LaTeX Font Info:    ... okay on input line 103.
LaTeX Font Info:    Checking defaults for OT1/cmr/m/n on input line 103.
LaTeX Font Info:    ... okay on input line 103.
LaTeX Font Info:    Checking defaults for OMS/cmsy/m/n on input line 103.
LaTeX Font Info:    ... okay on input line 103.
LaTeX Font Info:    Checking defaults for OMX/cmex/m/n on input line 103.
LaTeX Font Info:    ... okay on input line 103.
LaTeX Font Info:    Checking defaults for U/cmr/m/n on input line 103.
LaTeX Font Info:    ... okay on input line 103.
LaTeX Font Info:    Checking defaults for PD1/pdf/m/n on input line 103.
LaTeX Font Info:    ... okay on input line 103.

(C:\Users\tif\AppData\Roaming\MiKTeX\2.9\tex\context\base\supp-pdf.mkii
[Loading MPS to PDF converter (version 2006.09.02).]
\scratchcounter=\count138
\scratchdimen=\dimen118
\scratchbox=\box28
\nofMPsegments=\count139
\nofMParguments=\count140
\everyMPshowfont=\toks22
\MPscratchCnt=\count141
\MPscratchDim=\dimen119
\MPnumerator=\count142
\makeMPintoPDFobject=\count143
\everyMPtoPDFconversion=\toks23
)
\c@lstlisting=\count144
\AtBeginShipoutBox=\box29
Package hyperref Info: Link coloring OFF on input line 103.
 ("C:\Program Files\MiKTeX 2.9\tex\latex\hyperref\nameref.sty"
Package: nameref 2012/10/27 v2.43 Cross-referencing by name of section

("C:\Program Files\MiKTeX 2.9\tex\generic\oberdiek\gettitlestring.sty"
Package: gettitlestring 2010/12/03 v1.4 Cleanup title references (HO)
)
\c@section@level=\count145
)
LaTeX Info: Redefining \ref on input line 103.
LaTeX Info: Redefining \pageref on input line 103.
LaTeX Info: Redefining \nameref on input line 103.

(C:\Users\tif\Documents\GitHub\setup\manual\Care-O-bot_manual.out)
(C:\Users\tif\Documents\GitHub\setup\manual\Care-O-bot_manual.out)
\@outlinefile=\write4
 (C:\Users\tif\Documents\GitHub\setup\manual\Title.tex
LaTeX Font Info:    Try loading font information for U+msa on input line 32.
("C:\Program Files\MiKTeX 2.9\tex\latex\amsfonts\umsa.fd"
File: umsa.fd 2013/01/14 v3.01 AMS symbols A
)
LaTeX Font Info:    Try loading font information for U+msb on input line 32.
 ("C:\Program Files\MiKTeX 2.9\tex\latex\amsfonts\umsb.fd"
File: umsb.fd 2013/01/14 v3.01 AMS symbols B
)
[1


{C:/Users/tif/AppData/Local/MiKTeX/2.9/pdftex/config/pdftex.map}] [2


])
(C:\Users\tif\Documents\GitHub\setup\manual\Care-O-bot_manual.toc [1



] [2])
\tf@toc=\write5
 [3] [4

]
(C:\Users\tif\Documents\GitHub\setup\manual\nomenclature.tex
No file Care-O-bot_manual.nls.
) [5


] [6


] (C:\Users\tif\Documents\GitHub\setup\manual\Introduction.tex
Chapter 1.
)pdfTeX warning (ext4): destination with the same identifier (name{page.1}) has been already used, duplicate ignored
<to be read again> 
                   \relax 
l.129 \include{Introduction}
                             [1


] (C:\Users\tif\Documents\GitHub\setup\manual\User_manual.tex
Chapter 2.
LaTeX Font Info:    Try loading font information for OMS+cmr on input line 8.
("C:\Program Files\MiKTeX 2.9\tex\latex\base\omscmr.fd"
File: omscmr.fd 1999/05/25 v2.5h Standard LaTeX font definitions
)
LaTeX Font Info:    Font shape `OMS/cmr/m/n' in size <12> not available
(Font)              Font shape `OMS/cmsy/m/n' tried instead on input line 8.

<images/hardware_overview.jpg, id=319, 948.54375pt x 469.755pt>
File: images/hardware_overview.jpg Graphic file (type jpg)
 <use images/hardware_overview.jpg>
Package pdftex.def Info: images/hardware_overview.jpg used on input line 19.
(pdftex.def)             Requested size: 391.34056pt x 193.805pt.
pdfTeX warning (ext4): destination with the same identifier (name{page.2}) has been already used, duplicate ignored
<to be read again> 
                   \relax 
l.20 \end{center}
                  [2



] [3 <C:/Users/tif/Documents/GitHub/setup/manual/images/hardware_overview.jpg>]
<images/em_stop.jpg, id=333, 733.139pt x 565.312pt>
File: images/em_stop.jpg Graphic file (type jpg)
 <use images/em_stop.jpg>
Package pdftex.def Info: images/em_stop.jpg used on input line 44.
(pdftex.def)             Requested size: 267.75768pt x 206.46223pt.
 [4]
<images/protection_areas.png, id=338, 638.385pt x 539.01375pt>
File: images/protection_areas.png Graphic file (type png)
 <use images/protection_areas.png>
Package pdftex.def Info: images/protection_areas.png used on input line 51.
(pdftex.def)             Requested size: 267.75768pt x 226.07991pt.

Underfull \vbox (badness 10000) has occurred while \output is active []

 [5 <C:/Users/tif/Documents/GitHub/setup/manual/images/em_stop.jpg> <C:/Users/tif/Documents/GitHub/setup/manual/images/p
rotection_areas.png>]
<images/key.png, id=344, 1521.685pt x 853.1875pt>
File: images/key.png Graphic file (type png)
 <use images/key.png>
Package pdftex.def Info: images/key.png used on input line 74.
(pdftex.def)             Requested size: 123.58289pt x 69.28485pt.

Underfull \vbox (badness 4647) has occurred while \output is active []

 [6] [7 <C:/Users/tif/Documents/GitHub/setup/manual/images/key.png>] <images/dashboard.png, id=363, 255.95625pt x 76.285
pt>
File: images/dashboard.png Graphic file (type png)
 <use images/dashboard.png>
Package pdftex.def Info: images/dashboard.png used on input line 112.
(pdftex.def)             Requested size: 144.18108pt x 42.9719pt.

<images/diagnostics.png, id=364, 398.48875pt x 631.35875pt>
File: images/diagnostics.png Graphic file (type png)
 <use images/diagnostics.png>
Package pdftex.def Info: images/diagnostics.png used on input line 117.
(pdftex.def)             Requested size: 164.77298pt x 261.06488pt.

Underfull \vbox (badness 10000) has occurred while \output is active []

 [8 <C:/Users/tif/Documents/GitHub/setup/manual/images/dashboard.png>] <images/cob_command_gui.png, id=373, 1002.74625pt
 x 511.9125pt>
File: images/cob_command_gui.png Graphic file (type png)
 <use images/cob_command_gui.png>
Package pdftex.def Info: images/cob_command_gui.png used on input line 125.
(pdftex.def)             Requested size: 411.93877pt x 210.29947pt.

Underfull \vbox (badness 10000) has occurred while \output is active []

 [9 <C:/Users/tif/Documents/GitHub/setup/manual/images/diagnostics.png>] [10 <C:/Users/tif/Documents/GitHub/setup/manual
/images/cob_command_gui.png>]
<images/rviz.png, id=388, 924.45375pt x 604.2575pt>
File: images/rviz.png Graphic file (type png)
 <use images/rviz.png>
Package pdftex.def Info: images/rviz.png used on input line 149.
(pdftex.def)             Requested size: 411.93877pt x 269.25793pt.
 [11 <C:/Users/tif/Documents/GitHub/setup/manual/images/rviz.png>] <images/joystick.png, id=398, 856.19875pt x 545.03625
pt>
File: images/joystick.png Graphic file (type png)
 <use images/joystick.png>
Package pdftex.def Info: images/joystick.png used on input line 164.
(pdftex.def)             Requested size: 411.93877pt x 262.22986pt.
 [12 <C:/Users/tif/Documents/GitHub/setup/manual/images/joystick.png>] [13] <images/packing_01.jpg, id=414, 211.44138pt 
x 141.02974pt>
File: images/packing_01.jpg Graphic file (type jpg)

<use images/packing_01.jpg>
Package pdftex.def Info: images/packing_01.jpg used on input line 190.
(pdftex.def)             Requested size: 199.16928pt x 132.84555pt.
 <images/packing_02.jpg, id=415, 317.16206pt x 211.44138pt>
File: images/packing_02.jpg Graphic file (type jpg)
 <use images/packing_02.jpg>
Package pdftex.def Info: images/packing_02.jpg used on input line 190.
(pdftex.def)             Requested size: 199.16928pt x 132.77965pt.

<images/packing_03.jpg, id=416, 211.44138pt x 141.02974pt>
File: images/packing_03.jpg Graphic file (type jpg)
 <use images/packing_03.jpg>
Package pdftex.def Info: images/packing_03.jpg used on input line 197.
(pdftex.def)             Requested size: 199.16928pt x 132.84555pt.

<images/packing_04.jpg, id=417, 206.48572pt x 137.72597pt>
File: images/packing_04.jpg Graphic file (type jpg)
 <use images/packing_04.jpg>
Package pdftex.def Info: images/packing_04.jpg used on input line 197.
(pdftex.def)             Requested size: 199.16928pt x 132.84587pt.

<images/packing_05.jpg, id=418, 211.44138pt x 141.02974pt>
File: images/packing_05.jpg Graphic file (type jpg)
 <use images/packing_05.jpg>
Package pdftex.def Info: images/packing_05.jpg used on input line 204.
(pdftex.def)             Requested size: 199.16928pt x 132.84555pt.

<images/packing_06.jpg, id=419, 211.44138pt x 141.02974pt>
File: images/packing_06.jpg Graphic file (type jpg)
 <use images/packing_06.jpg>
Package pdftex.def Info: images/packing_06.jpg used on input line 204.
(pdftex.def)             Requested size: 199.16928pt x 132.84555pt.

Overfull \hbox (2.0663pt too wide) in paragraph at lines 204--205
 [][] 
 []

<images/packing_07.jpg, id=420, 211.44138pt x 141.02974pt>
File: images/packing_07.jpg Graphic file (type jpg)
 <use images/packing_07.jpg>
Package pdftex.def Info: images/packing_07.jpg used on input line 211.
(pdftex.def)             Requested size: 199.16928pt x 132.84555pt.

<images/packing_08.jpg, id=421, 211.44138pt x 141.02974pt>
File: images/packing_08.jpg Graphic file (type jpg)
 <use images/packing_08.jpg>
Package pdftex.def Info: images/packing_08.jpg used on input line 211.
(pdftex.def)             Requested size: 199.16928pt x 132.84555pt.

Overfull \hbox (2.0663pt too wide) in paragraph at lines 211--212
 [][] 
 []

<images/packing_09.jpg, id=422, 206.48572pt x 137.72597pt>
File: images/packing_09.jpg Graphic file (type jpg)
 <use images/packing_09.jpg>
Package pdftex.def Info: images/packing_09.jpg used on input line 218.
(pdftex.def)             Requested size: 227.62204pt x 151.82265pt.

<images/packing_10.jpg, id=423, 206.48572pt x 137.72597pt>
File: images/packing_10.jpg Graphic file (type jpg)
 <use images/packing_10.jpg>
Package pdftex.def Info: images/packing_10.jpg used on input line 218.
(pdftex.def)             Requested size: 199.16928pt x 132.84587pt.

<images/packing_11.jpg, id=424, 211.44138pt x 141.02974pt>
File: images/packing_11.jpg Graphic file (type jpg)
 <use images/packing_11.jpg>
Package pdftex.def Info: images/packing_11.jpg used on input line 225.
(pdftex.def)             Requested size: 199.16928pt x 132.84555pt.

<images/packing_12.jpg, id=425, 211.44138pt x 317.16206pt>
File: images/packing_12.jpg Graphic file (type jpg)
 <use images/packing_12.jpg>
Package pdftex.def Info: images/packing_12.jpg used on input line 225.
(pdftex.def)             Requested size: 170.71652pt x 256.07715pt.

<images/packing_13.jpg, id=426, 211.44138pt x 141.02974pt>
File: images/packing_13.jpg Graphic file (type jpg)
 <use images/packing_13.jpg>
Package pdftex.def Info: images/packing_13.jpg used on input line 232.
(pdftex.def)             Requested size: 199.16928pt x 132.84555pt.

<images/packing_14.jpg, id=427, 211.44138pt x 317.16206pt>
File: images/packing_14.jpg Graphic file (type jpg)
 <use images/packing_14.jpg>
Package pdftex.def Info: images/packing_14.jpg used on input line 232.
(pdftex.def)             Requested size: 170.71652pt x 256.07715pt.

<images/packing_20.jpg, id=428, 206.48572pt x 137.72597pt>
File: images/packing_20.jpg Graphic file (type jpg)
 <use images/packing_20.jpg>
Package pdftex.def Info: images/packing_20.jpg used on input line 239.
(pdftex.def)             Requested size: 170.71652pt x 113.86699pt.

<images/packing_21.jpg, id=429, 206.48572pt x 137.72597pt>
File: images/packing_21.jpg Graphic file (type jpg)
 <use images/packing_21.jpg>
Package pdftex.def Info: images/packing_21.jpg used on input line 239.
(pdftex.def)             Requested size: 199.16928pt x 132.84587pt.
) [14 <C:/Users/tif/Documents/GitHub/setup/manual/images/packing_01.jpg> <C:/Users/tif/Documents/GitHub/setup/manual/ima
ges/packing_02.jpg> <C:/Users/tif/Documents/GitHub/setup/manual/images/packing_03.jpg> <C:/Users/tif/Documents/GitHub/se
tup/manual/images/packing_04.jpg>] [15 <C:/Users/tif/Documents/GitHub/setup/manual/images/packing_05.jpg> <C:/Users/tif/
Documents/GitHub/setup/manual/images/packing_06.jpg> <C:/Users/tif/Documents/GitHub/setup/manual/images/packing_07.jpg> 
<C:/Users/tif/Documents/GitHub/setup/manual/images/packing_08.jpg>] [16 <C:/Users/tif/Documents/GitHub/setup/manual/imag
es/packing_09.jpg> <C:/Users/tif/Documents/GitHub/setup/manual/images/packing_10.jpg> <C:/Users/tif/Documents/GitHub/set
up/manual/images/packing_11.jpg> <C:/Users/tif/Documents/GitHub/setup/manual/images/packing_12.jpg>] [17 <C:/Users/tif/D
ocuments/GitHub/setup/manual/images/packing_13.jpg> <C:/Users/tif/Documents/GitHub/setup/manual/images/packing_14.jpg> <
C:/Users/tif/Documents/GitHub/setup/manual/images/packing_20.jpg> <C:/Users/tif/Documents/GitHub/setup/manual/images/pac
king_21.jpg>]
(C:\Users\tif\Documents\GitHub\setup\manual\Administrator_manual.tex
Chapter 3.
[18



]
LaTeX Font Info:    Font shape `OMS/cmr/m/n' in size <10> not available
(Font)              Font shape `OMS/cmsy/m/n' tried instead on input line 43.
 [19] [20]
Underfull \hbox (badness 10000) in paragraph at lines 95--96
[]\OT1/cmr/m/n/12 After re-mov-ing the net-work man-ager we will have to edit
 []

[21] [22] [23]
Underfull \hbox (badness 3209) in paragraph at lines 261--262
[]\OT1/cmr/m/n/12 All users have a pre-configured bash en-vi-ron-ment too, there-fore copy
 []

[24]
Underfull \hbox (badness 10000) in paragraph at lines 291--294

 []

LaTeX Font Info:    Try loading font information for OML+cmr on input line 295.
("C:\Program Files\MiKTeX 2.9\tex\latex\base\omlcmr.fd"
File: omlcmr.fd 1999/05/25 v2.5h Standard LaTeX font definitions
)
LaTeX Font Info:    Font shape `OML/cmr/m/n' in size <10> not available
(Font)              Font shape `OML/cmm/m/it' tried instead on input line 295.
 [25] [26]
Underfull \hbox (badness 3209) in paragraph at lines 338--339
[]\OT1/cmr/m/n/12 All users have a pre-configured bash en-vi-ron-ment too, there-fore copy
 []


Underfull \hbox (badness 10000) in paragraph at lines 354--357

 []

[27] [28]
Underfull \hbox (badness 1019) in paragraph at lines 436--437
\OT1/cmr/m/n/12 back-side of the robot are con-nected via USB to pc1. Con-fig-u-ra-tion is
 []

[29]
Underfull \hbox (badness 10000) in paragraph at lines 455--455
[][][][]$\OT1/cmtt/m/n/10 http : / / www . sick . com / group / EN / home / service / software / Pages /
 []

[30] <images/area.png, id=738, 339.51843pt x 213.79875pt>
File: images/area.png Graphic file (type png)
 <use images/area.png>
Package pdftex.def Info: images/area.png used on input line 500.
(pdftex.def)             Requested size: 267.75768pt x 168.61859pt.
 [31 <C:/Users/tif/Documents/GitHub/setup/manual/images/area.png>]
Underfull \hbox (badness 2310) in paragraph at lines 545--546
 []\OT1/cmr/bx/n/12 Base[] \OT1/cmr/m/n/12 You have to con-fig-ure the elmo con-trollers, all the in-for-ma-tion
 []

[32]
Underfull \hbox (badness 10000) in paragraph at lines 573--573
[][][][]$\OT1/cmtt/m/n/10 http : / / www . schunk-[]modular-[]robotics . com / left-[]navigation / service-[]robotics /
 []


Underfull \hbox (badness 6675) in paragraph at lines 575--576
[]\OT1/cmr/m/n/12 The ROS con-fig-u-ra-tion is done in \OT1/cmtt/m/n/12 cob[]hardware[]config\OT1/cmr/m/n/12 , e.g. in
 []

[33] [34] [35] [36]
Underfull \hbox (badness 7344) in paragraph at lines 694--695
\OT1/cmr/m/n/12 The cal-i-bra-tion is di-vided into two steps, the man-ual prepa-ra-tion
 []


Underfull \hbox (badness 3118) in paragraph at lines 694--695
\OT1/cmr/m/n/12 and au-to-matic cal-i-bra-tion. All cal-i-bra-tion pa-ram-e-ters are de-fined in
 []

[37] [38]) [39] (C:\Users\tif\Documents\GitHub\setup\manual\Support.tex
Chapter 4.

Underfull \hbox (badness 10000) in paragraph at lines 3--3
[][][][]$\OT1/cmtt/m/n/10 http : / / answers . ros . org / questions / ?tags = care-[]o-[]bot ,[] cob _ driver&start _ o
ver =
 []


Underfull \vbox (badness 10000) has occurred while \output is active []

 [40



]
Overfull \hbox (23.89743pt too wide) has occurred while \output is active
\OT1/cmr/m/sl/12 4.3.  USEFUL TOOLS FOR DEBUGGING AND WORKING WITH THE ROBOT \OT1/cmr/m/n/12 41
 []

[41]
Underfull \hbox (badness 10000) in paragraph at lines 44--44
[][][][]$\OT1/cmtt/m/n/10 http : / / www . ros . org / wiki / Documentation ? action = AttachFile&do = get&target =
 []

[42]) [43] [44]
Package atveryend Info: Empty hook `BeforeClearDocument' on input line 134.
Package atveryend Info: Empty hook `AfterLastShipout' on input line 134.
 (C:\Users\tif\Documents\GitHub\setup\manual\Care-O-bot_manual.aux
(C:\Users\tif\Documents\GitHub\setup\manual\Title.aux) (C:\Users\tif\Documents\GitHub\setup\manual\nomenclature.aux)
(C:\Users\tif\Documents\GitHub\setup\manual\Introduction.aux)
(C:\Users\tif\Documents\GitHub\setup\manual\User_manual.aux)
(C:\Users\tif\Documents\GitHub\setup\manual\Administrator_manual.aux)
(C:\Users\tif\Documents\GitHub\setup\manual\Support.aux))
Package atveryend Info: Executing hook `AtVeryEndDocument' on input line 134.
Package atveryend Info: Executing hook `AtEndAfterFileList' on input line 134.
Package rerunfilecheck Info: File `Care-O-bot_manual.out' has not changed.
(rerunfilecheck)             Checksum: 0DE48B01643D6E9B902CBBE2FD6C9284;4063.


LaTeX Warning: Label(s) may have changed. Rerun to get cross-references right.

 ) 
Here is how much of TeX's memory you used:
 8643 strings out of 493921
 128451 string characters out of 3147289
 288536 words of memory out of 3000000
 11306 multiletter control sequences out of 15000+200000
 14391 words of font info for 56 fonts, out of 3000000 for 9000
 841 hyphenation exceptions out of 8191
 37i,10n,32p,902b,1658s stack positions out of 5000i,500n,10000p,200000b,50000s
<C:/Program Files/MiKTeX 2.9/fonts/type1/public/amsfonts/cm/cmbx12.pfb><C:/Program Files/MiKTeX 2.9/fonts/type1/public
/amsfonts/cm/cmmi10.pfb><C:/Program Files/MiKTeX 2.9/fonts/type1/public/amsfonts/cm/cmr10.pfb><C:/Program Files/MiKTeX 2
.9/fonts/type1/public/amsfonts/cm/cmr12.pfb><C:/Program Files/MiKTeX 2.9/fonts/type1/public/amsfonts/cm/cmr7.pfb><C:/Pro
gram Files/MiKTeX 2.9/fonts/type1/public/amsfonts/cm/cmr8.pfb><C:/Program Files/MiKTeX 2.9/fonts/type1/public/amsfonts/c
m/cmsl12.pfb><C:/Program Files/MiKTeX 2.9/fonts/type1/public/amsfonts/cm/cmsy10.pfb><C:/Program Files/MiKTeX 2.9/fonts/t
ype1/public/amsfonts/cm/cmti12.pfb><C:/Program Files/MiKTeX 2.9/fonts/type1/public/amsfonts/cm/cmtt10.pfb><C:/Program Fi
les/MiKTeX 2.9/fonts/type1/public/amsfonts/cm/cmtt12.pfb>
Output written on Care-O-bot_manual.pdf (52 pages, 6911866 bytes).
PDF statistics:
 1092 PDF objects out of 1200 (max. 8388607)
 448 named destinations out of 1000 (max. 500000)
 539 words of extra memory for PDF output out of 10000 (max. 10000000)

